[2026-02-28T09:34:11.171Z] === NEW REQUEST ===
[2026-02-28T09:34:11.180Z] Session key: DEBUG_SESSION_KEY
[2026-02-28T09:34:11.181Z] Message: "ambroxol syrup"
[2026-02-28T09:34:11.183Z] Persisted session: undefined
[2026-02-28T09:34:11.185Z] Starting new session
[2026-02-28T09:34:11.189Z] Top-of-handler state: stage=initial, pending=null
[2026-02-28T09:34:11.192Z] === CHECKING QUANTITY RESPONSE ===
[2026-02-28T09:34:11.194Z] Stage: initial
[2026-02-28T09:34:11.197Z] Pending medicine: null
[2026-02-28T09:34:11.199Z] Message: "ambroxol syrup"
[2026-02-28T09:34:11.201Z] Is digits: false
[2026-02-28T09:34:11.204Z] Condition match: false
[2026-02-28T09:34:11.213Z] === GROK AI MESSAGE PROCESSING ===
[2026-02-28T09:34:11.217Z] Message: "ambroxol syrup"
[2026-02-28T09:34:11.219Z] Stage: initial
[2026-02-28T09:34:11.221Z] Pending medicine: null
[2026-02-28T09:34:11.746Z] Grok result: {"medicines":[{"name":"ambroxol syrup","quantity":null}],"intent":"order","action":"order","language":"en"}
[2026-02-28T09:34:11.748Z] === ORDER INTENT DETECTED ===
[2026-02-28T09:34:11.750Z] Processing medicine: ambroxol syrup, quantity: 1
[2026-02-28T09:34:11.759Z] Found medicine: Ambroxol Syrup
[2026-02-28T09:34:11.767Z] Real-time stock update for Ambroxol Syrup: 949 -> 948 tablets (packets: 94 -> 94, individual: 8)
[2026-02-28T09:34:11.780Z] === SENDING RESPONSE ===
[2026-02-28T09:34:11.782Z] ✅ Ambroxol Syrup (1 tablets)
📝 Everyday medicine used to treat common health issues and help you feel better quickly.
💊 Price per tablet: ₹880.00
📦 Quantity: 1
💰 Total price: ₹880.00

🎉 Order Placed Successfully!
[2026-02-28T09:34:11.784Z] === END RESPONSE ===
[2026-02-28T09:34:36.931Z] === NEW REQUEST ===
[2026-02-28T09:34:36.933Z] Session key: DEBUG_SESSION_KEY
[2026-02-28T09:34:36.935Z] Message: "ambroxol syrup to quantity"
[2026-02-28T09:34:36.936Z] Persisted session: undefined
[2026-02-28T09:34:36.940Z] Starting new session
[2026-02-28T09:34:36.943Z] Top-of-handler state: stage=initial, pending=null
[2026-02-28T09:34:36.946Z] === CHECKING QUANTITY RESPONSE ===
[2026-02-28T09:34:36.947Z] Stage: initial
[2026-02-28T09:34:36.949Z] Pending medicine: null
[2026-02-28T09:34:36.951Z] Message: "ambroxol syrup to quantity"
[2026-02-28T09:34:36.953Z] Is digits: false
[2026-02-28T09:34:36.955Z] Condition match: false
[2026-02-28T09:34:36.960Z] === GROK AI MESSAGE PROCESSING ===
[2026-02-28T09:34:36.961Z] Message: "ambroxol syrup to quantity"
[2026-02-28T09:34:36.963Z] Stage: initial
[2026-02-28T09:34:36.964Z] Pending medicine: null
[2026-02-28T09:34:37.624Z] Grok result: {"medicines":[{"name":"ambroxol syrup to quantity","quantity":null}],"intent":"order","action":"order","language":"en"}
[2026-02-28T09:34:37.626Z] === ORDER INTENT DETECTED ===
[2026-02-28T09:34:37.627Z] Processing medicine: ambroxol syrup to quantity, quantity: 1
[2026-02-28T09:35:10.087Z] === NEW REQUEST ===
[2026-02-28T09:35:10.089Z] Session key: DEBUG_SESSION_KEY
[2026-02-28T09:35:10.091Z] Message: "order the approximate syrup"
[2026-02-28T09:35:10.093Z] Persisted session: undefined
[2026-02-28T09:35:10.095Z] Starting new session
[2026-02-28T09:35:10.099Z] Top-of-handler state: stage=initial, pending=null
[2026-02-28T09:35:10.104Z] === CHECKING QUANTITY RESPONSE ===
[2026-02-28T09:35:10.107Z] Stage: initial
[2026-02-28T09:35:10.111Z] Pending medicine: null
[2026-02-28T09:35:10.113Z] Message: "order the approximate syrup"
[2026-02-28T09:35:10.115Z] Is digits: false
[2026-02-28T09:35:10.117Z] Condition match: false
[2026-02-28T09:35:10.119Z] === GROK AI MESSAGE PROCESSING ===
[2026-02-28T09:35:10.121Z] Message: "order the approximate syrup"
[2026-02-28T09:35:10.126Z] Stage: initial
[2026-02-28T09:35:10.128Z] Pending medicine: null
[2026-02-28T09:35:10.693Z] Grok result: {"medicines":[{"name":"order the approximate syrup","quantity":null}],"intent":"order","action":"order","language":"en"}
[2026-02-28T09:35:10.694Z] === ORDER INTENT DETECTED ===
[2026-02-28T09:35:10.696Z] Processing medicine: order the approximate syrup, quantity: 1
[2026-02-28T09:35:24.904Z] === NEW REQUEST ===
[2026-02-28T09:35:24.907Z] Session key: DEBUG_SESSION_KEY
[2026-02-28T09:35:24.910Z] Message: "combiflam tablet"
[2026-02-28T09:35:24.912Z] Persisted session: undefined
[2026-02-28T09:35:24.913Z] Starting new session
[2026-02-28T09:35:24.919Z] Top-of-handler state: stage=initial, pending=null
[2026-02-28T09:35:24.922Z] === CHECKING QUANTITY RESPONSE ===
[2026-02-28T09:35:24.924Z] Stage: initial
[2026-02-28T09:35:24.936Z] Pending medicine: null
[2026-02-28T09:35:24.973Z] Message: "combiflam tablet"
[2026-02-28T09:35:24.979Z] Is digits: false
[2026-02-28T09:35:24.991Z] Condition match: false
[2026-02-28T09:35:25.000Z] === GROK AI MESSAGE PROCESSING ===
[2026-02-28T09:35:25.012Z] Message: "combiflam tablet"
[2026-02-28T09:35:25.015Z] Stage: initial
[2026-02-28T09:35:25.024Z] Pending medicine: null
[2026-02-28T09:35:25.594Z] Grok result: {"medicines":[{"name":"combiflam tablet","quantity":null}],"intent":"order","action":"order","language":"en"}
[2026-02-28T09:35:25.596Z] === ORDER INTENT DETECTED ===
[2026-02-28T09:35:25.597Z] Processing medicine: combiflam tablet, quantity: 1
[2026-02-28T09:35:25.729Z] Found medicine: Combiflam Tablets
[2026-02-28T09:35:25.732Z] Real-time stock update for Combiflam Tablets: 1336 -> 1335 tablets (packets: 66 -> 66, individual: 15)
[2026-02-28T09:35:25.782Z] === SENDING RESPONSE ===
[2026-02-28T09:35:25.783Z] ✅ Combiflam Tablets (1 tablets)
📝 Everyday medicine used to treat common health issues and help you feel better quickly.
💊 Price per tablet: ₹315.00
📦 Quantity: 1
💰 Total price: ₹315.00

🎉 Order Placed Successfully!
[2026-02-28T09:35:25.786Z] === END RESPONSE ===
[2026-02-28T09:36:09.302Z] === NEW REQUEST ===
[2026-02-28T09:36:09.304Z] Session key: DEBUG_SESSION_KEY
[2026-02-28T09:36:09.308Z] Message: "Combiflam Tablets -2"
[2026-02-28T09:36:09.312Z] Persisted session: undefined
[2026-02-28T09:36:09.318Z] Starting new session
[2026-02-28T09:36:09.322Z] Top-of-handler state: stage=initial, pending=null
[2026-02-28T09:36:09.323Z] === CHECKING QUANTITY RESPONSE ===
[2026-02-28T09:36:09.325Z] Stage: initial
[2026-02-28T09:36:09.327Z] Pending medicine: null
[2026-02-28T09:36:09.329Z] Message: "Combiflam Tablets -2"
[2026-02-28T09:36:09.330Z] Is digits: false
[2026-02-28T09:36:09.333Z] Condition match: false
[2026-02-28T09:36:09.336Z] === GROK AI MESSAGE PROCESSING ===
[2026-02-28T09:36:09.338Z] Message: "Combiflam Tablets -2"
[2026-02-28T09:36:09.340Z] Stage: initial
[2026-02-28T09:36:09.341Z] Pending medicine: null
[2026-02-28T09:36:09.852Z] Grok result: {"medicines":[{"name":"Combiflam Tablets","quantity":2}],"intent":"order","action":"order","language":"en"}
[2026-02-28T09:36:09.854Z] === ORDER INTENT DETECTED ===
[2026-02-28T09:36:09.855Z] Processing medicine: Combiflam Tablets, quantity: 2
[2026-02-28T09:36:09.859Z] Found medicine: Combiflam Tablets
[2026-02-28T09:36:09.862Z] Real-time stock update for Combiflam Tablets: 1335 -> 1333 tablets (packets: 66 -> 66, individual: 13)
[2026-02-28T09:36:09.873Z] === SENDING RESPONSE ===
[2026-02-28T09:36:09.874Z] ✅ Combiflam Tablets (2 tablets)
📝 Everyday medicine used to treat common health issues and help you feel better quickly.
💊 Price per tablet: ₹315.00
📦 Quantity: 2
💰 Total price: ₹630.00

🎉 Order Placed Successfully!
[2026-02-28T09:36:09.876Z] === END RESPONSE ===
[2026-02-28T09:39:25.186Z] === NEW REQUEST ===
[2026-02-28T09:39:25.188Z] Session key: DEBUG_SESSION_KEY
[2026-02-28T09:39:25.189Z] Message: "Paracetamol 500 mg tablet"
[2026-02-28T09:39:25.198Z] Persisted session: undefined
[2026-02-28T09:39:25.201Z] Starting new session
[2026-02-28T09:39:25.203Z] Top-of-handler state: stage=initial, pending=null
[2026-02-28T09:39:25.205Z] === CHECKING QUANTITY RESPONSE ===
[2026-02-28T09:39:25.206Z] Stage: initial
[2026-02-28T09:39:25.208Z] Pending medicine: null
[2026-02-28T09:39:25.210Z] Message: "Paracetamol 500 mg tablet"
[2026-02-28T09:39:25.219Z] Is digits: false
[2026-02-28T09:39:25.222Z] Condition match: false
[2026-02-28T09:39:25.226Z] === GROK AI MESSAGE PROCESSING ===
[2026-02-28T09:39:25.232Z] Message: "Paracetamol 500 mg tablet"
[2026-02-28T09:39:25.234Z] Stage: initial
[2026-02-28T09:39:25.236Z] Pending medicine: null
[2026-02-28T09:39:25.738Z] Grok result: {"medicines":[{"name":"Paracetamol 500 mg tablet","quantity":null}],"intent":"order","action":"order","language":"en"}
[2026-02-28T09:39:25.739Z] === ORDER INTENT DETECTED ===
[2026-02-28T09:39:25.741Z] Processing medicine: Paracetamol 500 mg tablet, quantity: 1
[2026-02-28T09:40:24.935Z] === NEW REQUEST ===
[2026-02-28T09:40:24.937Z] Session key: DEBUG_SESSION_KEY
[2026-02-28T09:40:24.944Z] Message: "Aceclofenac Tabletten -1"
[2026-02-28T09:40:24.951Z] Persisted session: undefined
[2026-02-28T09:40:24.953Z] Starting new session
[2026-02-28T09:40:24.957Z] Top-of-handler state: stage=initial, pending=null
[2026-02-28T09:40:24.959Z] === CHECKING QUANTITY RESPONSE ===
[2026-02-28T09:40:24.961Z] Stage: initial
[2026-02-28T09:40:24.962Z] Pending medicine: null
[2026-02-28T09:40:24.964Z] Message: "Aceclofenac Tabletten -1"
[2026-02-28T09:40:24.965Z] Is digits: false
[2026-02-28T09:40:24.967Z] Condition match: false
[2026-02-28T09:40:24.969Z] === GROK AI MESSAGE PROCESSING ===
[2026-02-28T09:40:24.972Z] Message: "Aceclofenac Tabletten -1"
[2026-02-28T09:40:24.975Z] Stage: initial
[2026-02-28T09:40:24.977Z] Pending medicine: null
[2026-02-28T09:40:25.586Z] Grok result: {"medicines":[{"name":"Aceclofenac Tabletten","quantity":1}],"intent":"order","action":"order","language":"en"}
[2026-02-28T09:40:25.587Z] === ORDER INTENT DETECTED ===
[2026-02-28T09:40:25.589Z] Processing medicine: Aceclofenac Tabletten, quantity: 1
[2026-02-28T09:40:25.592Z] Found medicine: Aceclofenac Tabletten
[2026-02-28T09:40:25.595Z] Real-time stock update for Aceclofenac Tabletten: 7 -> 6 tablets (packets: 0 -> Infinity, individual: NaN)
[2026-02-28T09:40:33.608Z] === NEW REQUEST ===
[2026-02-28T09:40:33.612Z] Session key: DEBUG_SESSION_KEY
[2026-02-28T09:40:33.619Z] Message: "Aceclofenac Tabletten"
[2026-02-28T09:40:33.621Z] Persisted session: undefined
[2026-02-28T09:40:33.623Z] Starting new session
[2026-02-28T09:40:33.625Z] Top-of-handler state: stage=initial, pending=null
[2026-02-28T09:40:33.626Z] === CHECKING QUANTITY RESPONSE ===
[2026-02-28T09:40:33.628Z] Stage: initial
[2026-02-28T09:40:33.630Z] Pending medicine: null
[2026-02-28T09:40:33.631Z] Message: "Aceclofenac Tabletten"
[2026-02-28T09:40:33.635Z] Is digits: false
[2026-02-28T09:40:33.637Z] Condition match: false
[2026-02-28T09:40:33.639Z] === GROK AI MESSAGE PROCESSING ===
[2026-02-28T09:40:33.640Z] Message: "Aceclofenac Tabletten"
[2026-02-28T09:40:33.642Z] Stage: initial
[2026-02-28T09:40:33.643Z] Pending medicine: null
[2026-02-28T09:40:34.067Z] Grok result: {"medicines":[{"name":"Aceclofenac Tabletten","quantity":null}],"intent":"order","action":"order","language":"en"}
[2026-02-28T09:40:34.068Z] === ORDER INTENT DETECTED ===
[2026-02-28T09:40:34.069Z] Processing medicine: Aceclofenac Tabletten, quantity: 1
[2026-02-28T09:40:34.073Z] Found medicine: Aceclofenac Tabletten
[2026-02-28T09:40:34.076Z] Real-time stock update for Aceclofenac Tabletten: 7 -> 6 tablets (packets: 0 -> Infinity, individual: NaN)
[2026-02-28T09:40:42.229Z] === NEW REQUEST ===
[2026-02-28T09:40:42.230Z] Session key: DEBUG_SESSION_KEY
[2026-02-28T09:40:42.230Z] Message: "Aceclofenac Tabletten"
[2026-02-28T09:40:42.231Z] Persisted session: undefined
[2026-02-28T09:40:42.234Z] Starting new session
[2026-02-28T09:40:42.235Z] Top-of-handler state: stage=initial, pending=null
[2026-02-28T09:40:42.236Z] === CHECKING QUANTITY RESPONSE ===
[2026-02-28T09:40:42.237Z] Stage: initial
[2026-02-28T09:40:42.238Z] Pending medicine: null
[2026-02-28T09:40:42.238Z] Message: "Aceclofenac Tabletten"
[2026-02-28T09:40:42.239Z] Is digits: false
[2026-02-28T09:40:42.239Z] Condition match: false
[2026-02-28T09:40:42.240Z] === GROK AI MESSAGE PROCESSING ===
[2026-02-28T09:40:42.241Z] Message: "Aceclofenac Tabletten"
[2026-02-28T09:40:42.241Z] Stage: initial
[2026-02-28T09:40:42.242Z] Pending medicine: null
[2026-02-28T09:40:42.697Z] Grok result: {"medicines":[{"name":"Aceclofenac Tabletten","quantity":null}],"intent":"order","action":"order","language":"en"}
[2026-02-28T09:40:42.699Z] === ORDER INTENT DETECTED ===
[2026-02-28T09:40:42.700Z] Processing medicine: Aceclofenac Tabletten, quantity: 1
[2026-02-28T09:40:42.703Z] Found medicine: Aceclofenac Tabletten
[2026-02-28T09:40:42.706Z] Real-time stock update for Aceclofenac Tabletten: 7 -> 6 tablets (packets: 0 -> Infinity, individual: NaN)
[2026-02-28T09:44:32.742Z] === NEW REQUEST ===
[2026-02-28T09:44:32.743Z] Session key: DEBUG_SESSION_KEY
[2026-02-28T09:44:32.745Z] Message: "Aceclofenac Tabletten"
[2026-02-28T09:44:32.746Z] Persisted session: undefined
[2026-02-28T09:44:32.747Z] Starting new session
[2026-02-28T09:44:32.748Z] Top-of-handler state: stage=initial, pending=null
[2026-02-28T09:44:32.749Z] === CHECKING QUANTITY RESPONSE ===
[2026-02-28T09:44:32.750Z] Stage: initial
[2026-02-28T09:44:32.750Z] Pending medicine: null
[2026-02-28T09:44:32.751Z] Message: "Aceclofenac Tabletten"
[2026-02-28T09:44:32.752Z] Is digits: false
[2026-02-28T09:44:32.753Z] Condition match: false
[2026-02-28T09:44:32.754Z] === GROK AI MESSAGE PROCESSING ===
[2026-02-28T09:44:32.754Z] Message: "Aceclofenac Tabletten"
[2026-02-28T09:44:32.755Z] Stage: initial
[2026-02-28T09:44:32.755Z] Pending medicine: null
[2026-02-28T09:44:33.387Z] Grok result: {"medicines":[{"name":"Aceclofenac Tabletten","quantity":null}],"intent":"order","action":"order","language":"en"}
[2026-02-28T09:44:33.388Z] === ORDER INTENT DETECTED ===
[2026-02-28T09:44:33.388Z] Processing medicine: Aceclofenac Tabletten, quantity: 1
[2026-02-28T09:44:33.391Z] Found medicine: Aceclofenac Tabletten
[2026-02-28T09:44:33.392Z] Real-time stock update for Aceclofenac Tabletten: 7 -> 6 tablets (packets: 0 -> 6, individual: 0)
[2026-02-28T09:44:33.440Z] === SENDING RESPONSE ===
[2026-02-28T09:44:33.440Z] ✅ Aceclofenac Tabletten (1 tablets)
📝 General tablets or capsules taken by mouth to treat specific symptoms and improve health.
💊 Price per tablet: ₹0.00
📦 Quantity: 1
💰 Total price: ₹0.00

🎉 Order Placed Successfully!
[2026-02-28T09:44:33.441Z] === END RESPONSE ===
[2026-02-28T09:49:16.347Z] === NEW REQUEST ===
[2026-02-28T09:49:16.349Z] Session key: DEBUG_SESSION_KEY
[2026-02-28T09:49:16.351Z] Message: "combiflam tablet"
[2026-02-28T09:49:16.353Z] Persisted session: undefined
[2026-02-28T09:49:16.354Z] Starting new session
[2026-02-28T09:49:16.358Z] Top-of-handler state: stage=initial, pending=null
[2026-02-28T09:49:16.362Z] === CHECKING QUANTITY RESPONSE ===
[2026-02-28T09:49:16.365Z] Stage: initial
[2026-02-28T09:49:16.367Z] Pending medicine: null
[2026-02-28T09:49:16.369Z] Message: "combiflam tablet"
[2026-02-28T09:49:16.370Z] Is digits: false
[2026-02-28T09:49:16.371Z] Condition match: false
[2026-02-28T09:49:16.372Z] === GROK AI MESSAGE PROCESSING ===
[2026-02-28T09:49:16.375Z] Message: "combiflam tablet"
[2026-02-28T09:49:16.378Z] Stage: initial
[2026-02-28T09:49:16.379Z] Pending medicine: null
[2026-02-28T09:49:17.228Z] Grok result: {"medicines":[{"name":"combiflam tablet","quantity":null}],"intent":"order","action":"order","language":"en"}
[2026-02-28T09:49:17.231Z] === ORDER INTENT DETECTED ===
[2026-02-28T09:49:17.233Z] Processing medicine: combiflam tablet, quantity: 1
[2026-02-28T09:49:17.248Z] Found medicine: Combiflam Tablets
[2026-02-28T09:49:17.253Z] Real-time stock update for Combiflam Tablets: 1333 -> 1332 tablets (packets: 66 -> 66, individual: 12)
[2026-02-28T09:49:17.303Z] === SENDING RESPONSE ===
[2026-02-28T09:49:17.305Z] ✅ Combiflam Tablets (1 tablets)
📝 Everyday medicine used to treat common health issues and help you feel better quickly.
💊 Price per tablet: ₹315.00
📦 Quantity: 1
💰 Total price: ₹315.00

🎉 Order Placed Successfully!
[2026-02-28T09:49:17.306Z] === END RESPONSE ===
[2026-02-28T09:49:35.118Z] === NEW REQUEST ===
[2026-02-28T09:49:35.125Z] Session key: DEBUG_SESSION_KEY
[2026-02-28T09:49:35.128Z] Message: "Aceclofenac Tabletten"
[2026-02-28T09:49:35.130Z] Persisted session: undefined
[2026-02-28T09:49:35.133Z] Starting new session
[2026-02-28T09:49:35.136Z] Top-of-handler state: stage=initial, pending=null
[2026-02-28T09:49:35.138Z] === CHECKING QUANTITY RESPONSE ===
[2026-02-28T09:49:35.141Z] Stage: initial
[2026-02-28T09:49:35.144Z] Pending medicine: null
[2026-02-28T09:49:35.147Z] Message: "Aceclofenac Tabletten"
[2026-02-28T09:49:35.149Z] Is digits: false
[2026-02-28T09:49:35.150Z] Condition match: false
[2026-02-28T09:49:35.152Z] === GROK AI MESSAGE PROCESSING ===
[2026-02-28T09:49:35.153Z] Message: "Aceclofenac Tabletten"
[2026-02-28T09:49:35.155Z] Stage: initial
[2026-02-28T09:49:35.158Z] Pending medicine: null
[2026-02-28T09:49:35.688Z] Grok result: {"medicines":[{"name":"Aceclofenac Tabletten","quantity":null}],"intent":"order","action":"order","language":"en"}
[2026-02-28T09:49:35.690Z] === ORDER INTENT DETECTED ===
[2026-02-28T09:49:35.691Z] Processing medicine: Aceclofenac Tabletten, quantity: 1
[2026-02-28T09:49:35.696Z] Found medicine: Aceclofenac Tabletten
[2026-02-28T09:49:46.037Z] === NEW REQUEST ===
[2026-02-28T09:49:46.040Z] Session key: DEBUG_SESSION_KEY
[2026-02-28T09:49:46.043Z] Message: "Restock Medicine"
[2026-02-28T09:49:46.046Z] Persisted session: {"sessionState":{"medicines":[],"stage":"initial","pendingMedicine":null,"pendingPrescription":null,"customer":{"name":null,"age":null,"mobile":null},"stockFlow":{"stage":"idle","language":"en","targetName":null,"lastMissingName":null,"previousConfig":null,"tempPackets":null,"tempTabsPerPacket":null,"tempPacketPrice":null},"stockAddFlow":{"stage":"idle","medicineName":null,"packets":null,"tabletsPerPacket":null,"packetPrice":null},"restockFlow":{"stage":"idle","medicineId":2633,"medicineName":"Aceclofenac Tabletten","quantity":null}},"expiresAt":1772303400000}
[2026-02-28T09:49:46.048Z] Loaded existing session - Stage: initial, Pending: null
[2026-02-28T09:49:46.050Z] Top-of-handler state: stage=initial, pending=null
[2026-02-28T09:49:53.744Z] === NEW REQUEST ===
[2026-02-28T09:49:53.745Z] Session key: DEBUG_SESSION_KEY
[2026-02-28T09:49:53.747Z] Message: "20"
[2026-02-28T09:49:53.749Z] Persisted session: {"sessionState":{"medicines":[],"stage":"initial","pendingMedicine":null,"pendingPrescription":null,"customer":{"name":null,"age":null,"mobile":null},"stockFlow":{"stage":"idle","language":"en","targetName":null,"lastMissingName":null,"previousConfig":null,"tempPackets":null,"tempTabsPerPacket":null,"tempPacketPrice":null},"stockAddFlow":{"stage":"idle","medicineName":null,"packets":null,"tabletsPerPacket":null,"packetPrice":null},"restockFlow":{"stage":"ask_restock_qty","medicineId":2633,"medicineName":"Aceclofenac Tabletten","quantity":null}},"expiresAt":1772303400000}
[2026-02-28T09:49:53.750Z] Loaded existing session - Stage: initial, Pending: null
[2026-02-28T09:49:53.752Z] Top-of-handler state: stage=initial, pending=null
[2026-02-28T09:50:25.668Z] === NEW REQUEST ===
[2026-02-28T09:50:25.669Z] Session key: DEBUG_SESSION_KEY
[2026-02-28T09:50:25.671Z] Message: "90, 7"
[2026-02-28T09:50:25.675Z] Persisted session: {"sessionState":{"medicines":[],"stage":"initial","pendingMedicine":null,"pendingPrescription":null,"customer":{"name":null,"age":null,"mobile":null},"stockFlow":{"stage":"idle","language":"en","targetName":null,"lastMissingName":null,"previousConfig":null,"tempPackets":null,"tempTabsPerPacket":null,"tempPacketPrice":null},"stockAddFlow":{"stage":"idle","medicineName":null,"packets":null,"tabletsPerPacket":null,"packetPrice":null},"restockFlow":{"stage":"ask_restock_price","medicineId":2633,"medicineName":"Aceclofenac Tabletten","quantity":20}},"expiresAt":1772303400000}
[2026-02-28T09:50:25.679Z] Loaded existing session - Stage: initial, Pending: null
[2026-02-28T09:50:25.691Z] Top-of-handler state: stage=initial, pending=null
[2026-02-28T09:50:33.500Z] === NEW REQUEST ===
[2026-02-28T09:50:33.501Z] Session key: DEBUG_SESSION_KEY
[2026-02-28T09:50:33.505Z] Message: "90"
[2026-02-28T09:50:33.517Z] Persisted session: {"sessionState":{"medicines":[],"stage":"initial","pendingMedicine":null,"pendingPrescription":null,"customer":{"name":null,"age":null,"mobile":null},"stockFlow":{"stage":"idle","language":"en","targetName":null,"lastMissingName":null,"previousConfig":null,"tempPackets":null,"tempTabsPerPacket":null,"tempPacketPrice":null},"stockAddFlow":{"stage":"idle","medicineName":null,"packets":null,"tabletsPerPacket":null,"packetPrice":null},"restockFlow":{"stage":"idle","medicineId":null,"medicineName":null,"quantity":null}},"expiresAt":1772303400000}
[2026-02-28T09:50:33.523Z] Loaded existing session - Stage: initial, Pending: null
[2026-02-28T09:50:33.526Z] Top-of-handler state: stage=initial, pending=null
[2026-02-28T09:50:33.529Z] Numeric-only message while not awaiting quantity -> returning guidance
[2026-02-28T09:56:51.061Z] === NEW REQUEST ===
[2026-02-28T09:56:51.062Z] Session key: DEBUG_SESSION_KEY
[2026-02-28T09:56:51.063Z] Message: "Ambroxol Syrup -1"
[2026-02-28T09:56:51.065Z] Persisted session: {"sessionState":{"medicines":[],"stage":"initial","pendingMedicine":null,"pendingPrescription":null,"customer":{"name":null,"age":null,"mobile":null},"stockFlow":{"stage":"idle","language":"en","targetName":null,"lastMissingName":null,"previousConfig":null,"tempPackets":null,"tempTabsPerPacket":null,"tempPacketPrice":null},"stockAddFlow":{"stage":"idle","medicineName":null,"packets":null,"tabletsPerPacket":null,"packetPrice":null},"restockFlow":{"stage":"idle","medicineId":null,"medicineName":null,"quantity":null}},"expiresAt":1772303400000}
[2026-02-28T09:56:51.069Z] Loaded existing session - Stage: initial, Pending: null
[2026-02-28T09:56:51.072Z] Top-of-handler state: stage=initial, pending=null
[2026-02-28T09:56:51.073Z] === CHECKING QUANTITY RESPONSE ===
[2026-02-28T09:56:51.075Z] Stage: initial
[2026-02-28T09:56:51.076Z] Pending medicine: null
[2026-02-28T09:56:51.077Z] Message: "Ambroxol Syrup -1"
[2026-02-28T09:56:51.079Z] Is digits: false
[2026-02-28T09:56:51.081Z] Condition match: false
[2026-02-28T09:56:51.083Z] === GROK AI MESSAGE PROCESSING ===
[2026-02-28T09:56:51.084Z] Message: "Ambroxol Syrup -1"
[2026-02-28T09:56:51.085Z] Stage: initial
[2026-02-28T09:56:51.086Z] Pending medicine: null
[2026-02-28T09:56:51.529Z] Grok result: {"medicines":[{"name":"Ambroxol Syrup","quantity":1}],"intent":"order","action":"check_stock","language":"en"}
[2026-02-28T09:56:51.531Z] === ORDER INTENT DETECTED ===
[2026-02-28T09:56:51.532Z] Processing medicine: Ambroxol Syrup, quantity: 1
[2026-02-28T09:56:51.535Z] Found medicine: Ambroxol Syrup
[2026-02-28T09:56:51.537Z] Real-time stock update for Ambroxol Syrup: 948 -> 947 tablets (packets: 94 -> 94, individual: 7)
[2026-02-28T09:56:51.585Z] === SENDING RESPONSE ===
[2026-02-28T09:56:51.586Z] ✅ Ambroxol Syrup (1 tablets)
📝 Everyday medicine used to treat common health issues and help you feel better quickly.
💊 Price per tablet: ₹880.00
📦 Quantity: 1
💰 Total price: ₹880.00

🎉 Order Placed Successfully!
[2026-02-28T09:56:51.588Z] === END RESPONSE ===
[2026-02-28T10:53:26.517Z] === NEW REQUEST ===
[2026-02-28T10:53:26.519Z] Session key: DEBUG_SESSION_KEY
[2026-02-28T10:53:26.527Z] Message: "play Khatri topics"
[2026-02-28T10:53:26.531Z] Persisted session: {"sessionState":{"medicines":[],"stage":"initial","pendingMedicine":null,"pendingPrescription":null,"customer":{"name":null,"age":null,"mobile":null},"stockFlow":{"stage":"idle","language":"en","targetName":null,"lastMissingName":null,"previousConfig":null,"tempPackets":null,"tempTabsPerPacket":null,"tempPacketPrice":null},"stockAddFlow":{"stage":"idle","medicineName":null,"packets":null,"tabletsPerPacket":null,"packetPrice":null},"restockFlow":{"stage":"idle","medicineId":null,"medicineName":null,"quantity":null}},"expiresAt":1772303400000}
[2026-02-28T10:53:26.533Z] Loaded existing session - Stage: initial, Pending: null
[2026-02-28T10:53:26.535Z] Top-of-handler state: stage=initial, pending=null
[2026-02-28T10:53:26.544Z] === CHECKING QUANTITY RESPONSE ===
[2026-02-28T10:53:26.550Z] Stage: initial
[2026-02-28T10:53:26.565Z] Pending medicine: null
[2026-02-28T10:53:26.569Z] Message: "play Khatri topics"
[2026-02-28T10:53:26.573Z] Is digits: false
[2026-02-28T10:53:26.576Z] Condition match: false
[2026-02-28T10:53:26.581Z] === GROK AI MESSAGE PROCESSING ===
[2026-02-28T10:53:26.583Z] Message: "play Khatri topics"
[2026-02-28T10:53:26.585Z] Stage: initial
[2026-02-28T10:53:26.586Z] Pending medicine: null
[2026-02-28T10:53:27.246Z] Grok result: {"medicines":[{"name":"play Khatri topics","quantity":null}],"intent":"order","action":"order","language":"en"}
[2026-02-28T10:53:27.247Z] === ORDER INTENT DETECTED ===
[2026-02-28T10:53:27.249Z] Processing medicine: play Khatri topics, quantity: 1
[2026-02-28T10:53:44.551Z] === NEW REQUEST ===
[2026-02-28T10:53:44.553Z] Session key: DEBUG_SESSION_KEY
[2026-02-28T10:53:44.561Z] Message: "combiflam tablet"
[2026-02-28T10:53:44.566Z] Persisted session: {"sessionState":{"medicines":[],"stage":"initial","pendingMedicine":null,"pendingPrescription":null,"customer":{"name":null,"age":null,"mobile":null},"stockFlow":{"stage":"idle","language":"en","targetName":null,"lastMissingName":null,"previousConfig":null,"tempPackets":null,"tempTabsPerPacket":null,"tempPacketPrice":null},"stockAddFlow":{"stage":"idle","medicineName":null,"packets":null,"tabletsPerPacket":null,"packetPrice":null},"restockFlow":{"stage":"idle","medicineId":null,"medicineName":null,"quantity":null}},"expiresAt":1772303400000}
[2026-02-28T10:53:44.569Z] Loaded existing session - Stage: initial, Pending: null
[2026-02-28T10:53:44.573Z] Top-of-handler state: stage=initial, pending=null
[2026-02-28T10:53:44.591Z] === CHECKING QUANTITY RESPONSE ===
[2026-02-28T10:53:44.596Z] Stage: initial
[2026-02-28T10:53:44.614Z] Pending medicine: null
[2026-02-28T10:53:44.617Z] Message: "combiflam tablet"
[2026-02-28T10:53:44.620Z] Is digits: false
[2026-02-28T10:53:44.629Z] Condition match: false
[2026-02-28T10:53:44.631Z] === GROK AI MESSAGE PROCESSING ===
[2026-02-28T10:53:44.633Z] Message: "combiflam tablet"
[2026-02-28T10:53:44.634Z] Stage: initial
[2026-02-28T10:53:44.637Z] Pending medicine: null
[2026-02-28T10:53:45.065Z] Grok result: {"medicines":[{"name":"combiflam tablet","quantity":null}],"intent":"order","action":"order","language":"en"}
[2026-02-28T10:53:45.067Z] === ORDER INTENT DETECTED ===
[2026-02-28T10:53:45.068Z] Processing medicine: combiflam tablet, quantity: 1
[2026-02-28T10:53:45.073Z] Found medicine: Combiflam Tablets
[2026-02-28T10:53:45.077Z] Real-time stock update for Combiflam Tablets: 1332 -> 1331 tablets (packets: 66 -> 66, individual: 11)
[2026-02-28T10:53:45.114Z] === SENDING RESPONSE ===
[2026-02-28T10:53:45.116Z] ✅ Combiflam Tablets (1 tablets)
📝 Everyday medicine used to treat common health issues and help you feel better quickly.
💊 Price per tablet: ₹315.00
📦 Quantity: 1
💰 Total price: ₹315.00

🎉 Order Placed Successfully!
[2026-02-28T10:53:45.117Z] === END RESPONSE ===
[2026-02-28T10:54:10.900Z] === NEW REQUEST ===
[2026-02-28T10:54:10.902Z] Session key: DEBUG_SESSION_KEY
[2026-02-28T10:54:10.905Z] Message: "Combiflam Tablets -5"
[2026-02-28T10:54:10.908Z] Persisted session: {"sessionState":{"medicines":[],"stage":"initial","pendingMedicine":null,"pendingPrescription":null,"customer":{"name":null,"age":null,"mobile":null},"stockFlow":{"stage":"idle","language":"en","targetName":null,"lastMissingName":null,"previousConfig":null,"tempPackets":null,"tempTabsPerPacket":null,"tempPacketPrice":null},"stockAddFlow":{"stage":"idle","medicineName":null,"packets":null,"tabletsPerPacket":null,"packetPrice":null},"restockFlow":{"stage":"idle","medicineId":null,"medicineName":null,"quantity":null}},"expiresAt":1772303400000}
[2026-02-28T10:54:10.915Z] Loaded existing session - Stage: initial, Pending: null
[2026-02-28T10:54:10.918Z] Top-of-handler state: stage=initial, pending=null
[2026-02-28T10:54:10.921Z] === CHECKING QUANTITY RESPONSE ===
[2026-02-28T10:54:10.924Z] Stage: initial
[2026-02-28T10:54:10.927Z] Pending medicine: null
[2026-02-28T10:54:10.929Z] Message: "Combiflam Tablets -5"
[2026-02-28T10:54:10.931Z] Is digits: false
[2026-02-28T10:54:10.932Z] Condition match: false
[2026-02-28T10:54:10.934Z] === GROK AI MESSAGE PROCESSING ===
[2026-02-28T10:54:10.937Z] Message: "Combiflam Tablets -5"
[2026-02-28T10:54:10.940Z] Stage: initial
[2026-02-28T10:54:10.944Z] Pending medicine: null
[2026-02-28T10:54:11.410Z] Grok result: {"medicines":[{"name":"Combiflam Tablets","quantity":5}],"intent":"order","action":"order","language":"en"}
[2026-02-28T10:54:11.411Z] === ORDER INTENT DETECTED ===
[2026-02-28T10:54:11.413Z] Processing medicine: Combiflam Tablets, quantity: 5
[2026-02-28T10:54:11.417Z] Found medicine: Combiflam Tablets
[2026-02-28T10:54:11.420Z] Real-time stock update for Combiflam Tablets: 1331 -> 1326 tablets (packets: 66 -> 66, individual: 6)
[2026-02-28T10:54:11.430Z] === SENDING RESPONSE ===
[2026-02-28T10:54:11.431Z] ✅ Combiflam Tablets (5 tablets)
📝 Everyday medicine used to treat common health issues and help you feel better quickly.
💊 Price per tablet: ₹315.00
📦 Quantity: 5
💰 Total price: ₹1575.00

🎉 Order Placed Successfully!
[2026-02-28T10:54:11.433Z] === END RESPONSE ===
[2026-02-28T12:21:52.425Z] === NEW REQUEST ===
[2026-02-28T12:21:52.426Z] Session key: DEBUG_SESSION_KEY
[2026-02-28T12:21:52.427Z] Message: "I want to Paracetamol"
[2026-02-28T12:21:52.427Z] Persisted session: undefined
[2026-02-28T12:21:52.428Z] Starting new session
[2026-02-28T12:21:52.429Z] Top-of-handler state: stage=initial, pending=null
[2026-02-28T12:21:52.432Z] === CHECKING QUANTITY RESPONSE ===
[2026-02-28T12:21:52.433Z] Stage: initial
[2026-02-28T12:21:52.434Z] Pending medicine: null
[2026-02-28T12:21:52.434Z] Message: "I want to Paracetamol"
[2026-02-28T12:21:52.435Z] Is digits: false
[2026-02-28T12:21:52.435Z] Condition match: false
[2026-02-28T12:21:52.436Z] === GROK AI MESSAGE PROCESSING ===
[2026-02-28T12:21:52.437Z] Message: "I want to Paracetamol"
[2026-02-28T12:21:52.439Z] Stage: initial
[2026-02-28T12:21:52.440Z] Pending medicine: null
[2026-02-28T12:21:53.044Z] Grok result: {"medicines":[{"name":"I want to Paracetamol","quantity":null}],"intent":"order","action":"order","language":"en"}
[2026-02-28T12:21:53.045Z] === ORDER INTENT DETECTED ===
[2026-02-28T12:21:53.045Z] Processing medicine: I want to Paracetamol, quantity: 1
[2026-02-28T12:23:00.852Z] === NEW REQUEST ===
[2026-02-28T12:23:00.852Z] Session key: DEBUG_SESSION_KEY
[2026-02-28T12:23:00.854Z] Message: "order died in syrup"
[2026-02-28T12:23:00.855Z] Persisted session: undefined
[2026-02-28T12:23:00.857Z] Starting new session
[2026-02-28T12:23:00.858Z] Top-of-handler state: stage=initial, pending=null
[2026-02-28T12:23:00.859Z] === CHECKING QUANTITY RESPONSE ===
[2026-02-28T12:23:00.861Z] Stage: initial
[2026-02-28T12:23:00.862Z] Pending medicine: null
[2026-02-28T12:23:00.863Z] Message: "order died in syrup"
[2026-02-28T12:23:00.864Z] Is digits: false
[2026-02-28T12:23:00.865Z] Condition match: false
[2026-02-28T12:23:00.865Z] === GROK AI MESSAGE PROCESSING ===
[2026-02-28T12:23:00.866Z] Message: "order died in syrup"
[2026-02-28T12:23:00.867Z] Stage: initial
[2026-02-28T12:23:00.867Z] Pending medicine: null
[2026-02-28T12:23:01.283Z] Grok result: {"medicines":[{"name":"order died in syrup","quantity":null}],"intent":"order","action":"order","language":"en"}
[2026-02-28T12:23:01.284Z] === ORDER INTENT DETECTED ===
[2026-02-28T12:23:01.285Z] Processing medicine: order died in syrup, quantity: 1
[2026-02-28T12:23:23.827Z] === NEW REQUEST ===
[2026-02-28T12:23:23.828Z] Session key: DEBUG_SESSION_KEY
[2026-02-28T12:23:23.829Z] Message: "Digene syrup"
[2026-02-28T12:23:23.829Z] Persisted session: undefined
[2026-02-28T12:23:23.830Z] Starting new session
[2026-02-28T12:23:23.831Z] Top-of-handler state: stage=initial, pending=null
[2026-02-28T12:23:23.832Z] === CHECKING QUANTITY RESPONSE ===
[2026-02-28T12:23:23.834Z] Stage: initial
[2026-02-28T12:23:23.837Z] Pending medicine: null
[2026-02-28T12:23:23.838Z] Message: "Digene syrup"
[2026-02-28T12:23:23.838Z] Is digits: false
[2026-02-28T12:23:23.838Z] Condition match: false
[2026-02-28T12:23:23.839Z] === GROK AI MESSAGE PROCESSING ===
[2026-02-28T12:23:23.839Z] Message: "Digene syrup"
[2026-02-28T12:23:23.840Z] Stage: initial
[2026-02-28T12:23:23.841Z] Pending medicine: null
[2026-02-28T12:23:24.265Z] Grok result: {"medicines":[{"name":"Digene syrup","quantity":null}],"intent":"order","action":"order","language":"en"}
[2026-02-28T12:23:24.265Z] === ORDER INTENT DETECTED ===
[2026-02-28T12:23:24.266Z] Processing medicine: Digene syrup, quantity: 1
[2026-02-28T12:23:24.305Z] Found medicine: Digene Syrup
[2026-02-28T12:23:24.308Z] Real-time stock update for Digene Syrup: 1932 -> 1931 tablets (packets: 138 -> 137, individual: 13)
[2026-02-28T12:23:24.328Z] === SENDING RESPONSE ===
[2026-02-28T12:23:24.328Z] ✅ Digene Syrup (1 tablets)
📝 Everyday medicine used to treat common health issues and help you feel better quickly.
💊 Price per tablet: ₹592.86
📦 Quantity: 1
💰 Total price: ₹592.86

🎉 Order Placed Successfully!
[2026-02-28T12:23:24.329Z] === END RESPONSE ===
[2026-02-28T12:54:19.926Z] === NEW REQUEST ===
[2026-02-28T12:54:19.930Z] Session key: DEBUG_SESSION_KEY
[2026-02-28T12:54:19.931Z] Message: "do you have a digestion"
[2026-02-28T12:54:19.933Z] Persisted session: undefined
[2026-02-28T12:54:19.935Z] Starting new session
[2026-02-28T12:54:19.942Z] Top-of-handler state: stage=initial, pending=null
[2026-02-28T12:54:19.944Z] === CHECKING QUANTITY RESPONSE ===
[2026-02-28T12:54:19.946Z] Stage: initial
[2026-02-28T12:54:19.948Z] Pending medicine: null
[2026-02-28T12:54:19.950Z] Message: "do you have a digestion"
[2026-02-28T12:54:19.952Z] Is digits: false
[2026-02-28T12:54:19.957Z] Condition match: false
[2026-02-28T12:54:19.960Z] === GROK AI MESSAGE PROCESSING ===
[2026-02-28T12:54:19.962Z] Message: "do you have a digestion"
[2026-02-28T12:54:19.964Z] Stage: initial
[2026-02-28T12:54:19.967Z] Pending medicine: null
[2026-02-28T12:54:21.035Z] Grok result: {"medicines":[{"name":"digestion","quantity":null}],"intent":"check_stock","action":"check_stock","language":"en"}
[2026-02-28T12:54:30.660Z] === NEW REQUEST ===
[2026-02-28T12:54:30.663Z] Session key: DEBUG_SESSION_KEY
[2026-02-28T12:54:30.666Z] Message: "do you have a diligence syrup"
[2026-02-28T12:54:30.669Z] Persisted session: {"sessionState":{"medicines":[],"stage":"initial","pendingMedicine":null,"pendingPrescription":null,"customer":{"name":null,"age":null,"mobile":null},"stockFlow":{"stage":"offer_add_missing","language":"en","targetName":"digestion","lastMissingName":"digestion","previousConfig":null,"tempPackets":null,"tempTabsPerPacket":null,"tempPacketPrice":null},"stockAddFlow":{"stage":"idle","medicineName":null,"packets":null,"tabletsPerPacket":null,"packetPrice":null},"restockFlow":{"stage":"idle","medicineId":null,"medicineName":null,"quantity":null}},"expiresAt":1772303400000}
[2026-02-28T12:54:30.672Z] Loaded existing session - Stage: initial, Pending: null
[2026-02-28T12:54:30.675Z] Top-of-handler state: stage=initial, pending=null
[2026-02-28T12:54:30.679Z] === CHECKING QUANTITY RESPONSE ===
[2026-02-28T12:54:30.681Z] Stage: initial
[2026-02-28T12:54:30.683Z] Pending medicine: null
[2026-02-28T12:54:30.685Z] Message: "do you have a diligence syrup"
[2026-02-28T12:54:30.689Z] Is digits: false
[2026-02-28T12:54:30.692Z] Condition match: false
[2026-02-28T12:54:30.693Z] === GROK AI MESSAGE PROCESSING ===
[2026-02-28T12:54:30.695Z] Message: "do you have a diligence syrup"
[2026-02-28T12:54:30.697Z] Stage: initial
[2026-02-28T12:54:30.698Z] Pending medicine: null
[2026-02-28T12:54:31.354Z] Grok result: {"medicines":[{"name":"diligence syrup","quantity":null}],"intent":"check_stock","action":"check_stock","language":"en"}
[2026-02-28T12:54:53.557Z] === NEW REQUEST ===
[2026-02-28T12:54:53.560Z] Session key: DEBUG_SESSION_KEY
[2026-02-28T12:54:53.563Z] Message: "order dighzen syrup"
[2026-02-28T12:54:53.565Z] Persisted session: {"sessionState":{"medicines":[],"stage":"initial","pendingMedicine":null,"pendingPrescription":null,"customer":{"name":null,"age":null,"mobile":null},"stockFlow":{"stage":"offer_add_missing","language":"en","targetName":"diligence syrup","lastMissingName":"diligence syrup","previousConfig":null,"tempPackets":null,"tempTabsPerPacket":null,"tempPacketPrice":null},"stockAddFlow":{"stage":"idle","medicineName":null,"packets":null,"tabletsPerPacket":null,"packetPrice":null},"restockFlow":{"stage":"idle","medicineId":null,"medicineName":null,"quantity":null}},"expiresAt":1772303400000}
[2026-02-28T12:54:53.568Z] Loaded existing session - Stage: initial, Pending: null
[2026-02-28T12:54:53.573Z] Top-of-handler state: stage=initial, pending=null
[2026-02-28T12:54:53.575Z] === CHECKING QUANTITY RESPONSE ===
[2026-02-28T12:54:53.577Z] Stage: initial
[2026-02-28T12:54:53.579Z] Pending medicine: null
[2026-02-28T12:54:53.581Z] Message: "order dighzen syrup"
[2026-02-28T12:54:53.583Z] Is digits: false
[2026-02-28T12:54:53.587Z] Condition match: false
[2026-02-28T12:54:53.589Z] === GROK AI MESSAGE PROCESSING ===
[2026-02-28T12:54:53.591Z] Message: "order dighzen syrup"
[2026-02-28T12:54:53.592Z] Stage: initial
[2026-02-28T12:54:53.594Z] Pending medicine: null
[2026-02-28T12:54:54.407Z] Grok result: {"medicines":[{"name":"order dighzen syrup","quantity":null}],"intent":"order","action":"order","language":"en"}
[2026-02-28T12:54:54.410Z] === ORDER INTENT DETECTED ===
[2026-02-28T12:54:54.411Z] Processing medicine: order dighzen syrup, quantity: 1
[2026-02-28T12:55:28.653Z] === NEW REQUEST ===
[2026-02-28T12:55:28.655Z] Session key: DEBUG_SESSION_KEY
[2026-02-28T12:55:28.657Z] Message: "order combiflam tablets"
[2026-02-28T12:55:28.660Z] Persisted session: {"sessionState":{"medicines":[],"stage":"initial","pendingMedicine":null,"pendingPrescription":null,"customer":{"name":null,"age":null,"mobile":null},"stockFlow":{"stage":"offer_add_missing","language":"en","targetName":"diligence syrup","lastMissingName":"diligence syrup","previousConfig":null,"tempPackets":null,"tempTabsPerPacket":null,"tempPacketPrice":null},"stockAddFlow":{"stage":"idle","medicineName":null,"packets":null,"tabletsPerPacket":null,"packetPrice":null},"restockFlow":{"stage":"idle","medicineId":null,"medicineName":null,"quantity":null}},"expiresAt":1772303400000}
[2026-02-28T12:55:28.663Z] Loaded existing session - Stage: initial, Pending: null
[2026-02-28T12:55:28.668Z] Top-of-handler state: stage=initial, pending=null
[2026-02-28T12:55:28.670Z] === CHECKING QUANTITY RESPONSE ===
[2026-02-28T12:55:28.672Z] Stage: initial
[2026-02-28T12:55:28.674Z] Pending medicine: null
[2026-02-28T12:55:28.677Z] Message: "order combiflam tablets"
[2026-02-28T12:55:28.679Z] Is digits: false
[2026-02-28T12:55:28.681Z] Condition match: false
[2026-02-28T12:55:28.684Z] === GROK AI MESSAGE PROCESSING ===
[2026-02-28T12:55:28.687Z] Message: "order combiflam tablets"
[2026-02-28T12:55:28.689Z] Stage: initial
[2026-02-28T12:55:28.691Z] Pending medicine: null
[2026-02-28T12:55:29.747Z] Grok result: {"medicines":[{"name":"order combiflam tablets","quantity":null}],"intent":"order","action":"order","language":"en"}
[2026-02-28T12:55:29.748Z] === ORDER INTENT DETECTED ===
[2026-02-28T12:55:29.753Z] Processing medicine: order combiflam tablets, quantity: 1
[2026-02-28T12:55:41.429Z] === NEW REQUEST ===
[2026-02-28T12:55:41.431Z] Session key: DEBUG_SESSION_KEY
[2026-02-28T12:55:41.435Z] Message: "do you have combiflam tablet"
[2026-02-28T12:55:41.438Z] Persisted session: {"sessionState":{"medicines":[],"stage":"initial","pendingMedicine":null,"pendingPrescription":null,"customer":{"name":null,"age":null,"mobile":null},"stockFlow":{"stage":"offer_add_missing","language":"en","targetName":"diligence syrup","lastMissingName":"diligence syrup","previousConfig":null,"tempPackets":null,"tempTabsPerPacket":null,"tempPacketPrice":null},"stockAddFlow":{"stage":"idle","medicineName":null,"packets":null,"tabletsPerPacket":null,"packetPrice":null},"restockFlow":{"stage":"idle","medicineId":null,"medicineName":null,"quantity":null}},"expiresAt":1772303400000}
[2026-02-28T12:55:41.440Z] Loaded existing session - Stage: initial, Pending: null
[2026-02-28T12:55:41.443Z] Top-of-handler state: stage=initial, pending=null
[2026-02-28T12:55:41.448Z] === CHECKING QUANTITY RESPONSE ===
[2026-02-28T12:55:41.454Z] Stage: initial
[2026-02-28T12:55:41.457Z] Pending medicine: null
[2026-02-28T12:55:41.459Z] Message: "do you have combiflam tablet"
[2026-02-28T12:55:41.461Z] Is digits: false
[2026-02-28T12:55:41.463Z] Condition match: false
[2026-02-28T12:55:41.466Z] === GROK AI MESSAGE PROCESSING ===
[2026-02-28T12:55:41.469Z] Message: "do you have combiflam tablet"
[2026-02-28T12:55:41.473Z] Stage: initial
[2026-02-28T12:55:41.476Z] Pending medicine: null
[2026-02-28T12:55:42.219Z] Grok result: {"medicines":[{"name":"do you have combiflam tablet","quantity":null}],"intent":"order","action":"order","language":"en"}
[2026-02-28T12:55:42.221Z] === ORDER INTENT DETECTED ===
[2026-02-28T12:55:42.223Z] Processing medicine: do you have combiflam tablet, quantity: 1
